<?xml version="1.0" encoding="UTF-8"?>
<!-- Generated by org.testng.reporters.JUnitReportReporter -->
<testsuite skipped="0" hostname="mypc" name="com.gurudemo.testcases.TC_LoginTest_001" tests="1" failures="0" timestamp="02 Jun 2020 08:56:13 GMT" time="15.911" errors="0">
  <testcase name="LoginTest" time="15.911" classname="com.gurudemo.testcases.TC_LoginTest_001"/>
</testsuite> <!-- com.gurudemo.testcases.TC_LoginTest_001 -->
