<?xml version="1.0" encoding="UTF-8"?>
<!-- Generated by org.testng.reporters.JUnitReportReporter -->
<testsuite hostname="mypc" name="com.gurudemo.testcases.TC_AddCustomer_002" tests="1" failures="0" timestamp="2 Jun 2020 09:38:03 GMT" time="20.536" errors="0">
  <testcase name="AddCustomerTest" time="20.536" classname="com.gurudemo.testcases.TC_AddCustomer_002"/>
</testsuite> <!-- com.gurudemo.testcases.TC_AddCustomer_002 -->
